   1               		.file	"util.c"
   2               	__SP_H__ = 0x3e
   3               	__SP_L__ = 0x3d
   4               	__SREG__ = 0x3f
   5               	__tmp_reg__ = 0
   6               	__zero_reg__ = 1
   7               		.text
   8               	.Ltext0:
   9               		.cfi_sections	.debug_frame
  10               		.section	.text.delay_us,"ax",@progbits
  11               	.global	delay_us
  13               	delay_us:
  14               	.LFB6:
  15               		.file 1 "util.c"
   1:util.c        **** #include "util.h"
   2:util.c        **** 
   3:util.c        **** void delay_us(uint16_t delah)
   4:util.c        **** {
  16               		.loc 1 4 0
  17               		.cfi_startproc
  18               	.LVL0:
  19               	/* prologue: function */
  20               	/* frame size = 0 */
  21               	/* stack size = 0 */
  22               	.L__stack_usage = 0
   5:util.c        **** 	while(delah)
  23               		.loc 1 5 0
  24 0000 00C0      		rjmp .L2
  25               	.L3:
  26               	.LVL1:
  27               	.LBB6:
  28               	.LBB7:
  29               		.file 2 "/usr/lib/gcc/avr/4.7.2/../../../../avr/include/util/delay.h"
   1:/usr/lib/gcc/avr/4.7.2/../../../../avr/include/util/delay.h **** /* Copyright (c) 2002, Marek Michalkiewicz
   2:/usr/lib/gcc/avr/4.7.2/../../../../avr/include/util/delay.h ****    Copyright (c) 2004,2005,2007 Joerg Wunsch
   3:/usr/lib/gcc/avr/4.7.2/../../../../avr/include/util/delay.h ****    Copyright (c) 2007  Florin-Viorel Petrov
   4:/usr/lib/gcc/avr/4.7.2/../../../../avr/include/util/delay.h ****    All rights reserved.
   5:/usr/lib/gcc/avr/4.7.2/../../../../avr/include/util/delay.h **** 
   6:/usr/lib/gcc/avr/4.7.2/../../../../avr/include/util/delay.h ****    Redistribution and use in source and binary forms, with or without
   7:/usr/lib/gcc/avr/4.7.2/../../../../avr/include/util/delay.h ****    modification, are permitted provided that the following conditions are met:
   8:/usr/lib/gcc/avr/4.7.2/../../../../avr/include/util/delay.h **** 
   9:/usr/lib/gcc/avr/4.7.2/../../../../avr/include/util/delay.h ****    * Redistributions of source code must retain the above copyright
  10:/usr/lib/gcc/avr/4.7.2/../../../../avr/include/util/delay.h ****      notice, this list of conditions and the following disclaimer.
  11:/usr/lib/gcc/avr/4.7.2/../../../../avr/include/util/delay.h **** 
  12:/usr/lib/gcc/avr/4.7.2/../../../../avr/include/util/delay.h ****    * Redistributions in binary form must reproduce the above copyright
  13:/usr/lib/gcc/avr/4.7.2/../../../../avr/include/util/delay.h ****      notice, this list of conditions and the following disclaimer in
  14:/usr/lib/gcc/avr/4.7.2/../../../../avr/include/util/delay.h ****      the documentation and/or other materials provided with the
  15:/usr/lib/gcc/avr/4.7.2/../../../../avr/include/util/delay.h ****      distribution.
  16:/usr/lib/gcc/avr/4.7.2/../../../../avr/include/util/delay.h **** 
  17:/usr/lib/gcc/avr/4.7.2/../../../../avr/include/util/delay.h ****    * Neither the name of the copyright holders nor the names of
  18:/usr/lib/gcc/avr/4.7.2/../../../../avr/include/util/delay.h ****      contributors may be used to endorse or promote products derived
  19:/usr/lib/gcc/avr/4.7.2/../../../../avr/include/util/delay.h ****      from this software without specific prior written permission.
  20:/usr/lib/gcc/avr/4.7.2/../../../../avr/include/util/delay.h **** 
  21:/usr/lib/gcc/avr/4.7.2/../../../../avr/include/util/delay.h ****   THIS SOFTWARE IS PROVIDED BY THE COPYRIGHT HOLDERS AND CONTRIBUTORS "AS IS"
  22:/usr/lib/gcc/avr/4.7.2/../../../../avr/include/util/delay.h ****   AND ANY EXPRESS OR IMPLIED WARRANTIES, INCLUDING, BUT NOT LIMITED TO, THE
  23:/usr/lib/gcc/avr/4.7.2/../../../../avr/include/util/delay.h ****   IMPLIED WARRANTIES OF MERCHANTABILITY AND FITNESS FOR A PARTICULAR PURPOSE
  24:/usr/lib/gcc/avr/4.7.2/../../../../avr/include/util/delay.h ****   ARE DISCLAIMED. IN NO EVENT SHALL THE COPYRIGHT OWNER OR CONTRIBUTORS BE
  25:/usr/lib/gcc/avr/4.7.2/../../../../avr/include/util/delay.h ****   LIABLE FOR ANY DIRECT, INDIRECT, INCIDENTAL, SPECIAL, EXEMPLARY, OR
  26:/usr/lib/gcc/avr/4.7.2/../../../../avr/include/util/delay.h ****   CONSEQUENTIAL DAMAGES (INCLUDING, BUT NOT LIMITED TO, PROCUREMENT OF
  27:/usr/lib/gcc/avr/4.7.2/../../../../avr/include/util/delay.h ****   SUBSTITUTE GOODS OR SERVICES; LOSS OF USE, DATA, OR PROFITS; OR BUSINESS
  28:/usr/lib/gcc/avr/4.7.2/../../../../avr/include/util/delay.h ****   INTERRUPTION) HOWEVER CAUSED AND ON ANY THEORY OF LIABILITY, WHETHER IN
  29:/usr/lib/gcc/avr/4.7.2/../../../../avr/include/util/delay.h ****   CONTRACT, STRICT LIABILITY, OR TORT (INCLUDING NEGLIGENCE OR OTHERWISE)
  30:/usr/lib/gcc/avr/4.7.2/../../../../avr/include/util/delay.h ****   ARISING IN ANY WAY OUT OF THE USE OF THIS SOFTWARE, EVEN IF ADVISED OF THE
  31:/usr/lib/gcc/avr/4.7.2/../../../../avr/include/util/delay.h ****   POSSIBILITY OF SUCH DAMAGE. */
  32:/usr/lib/gcc/avr/4.7.2/../../../../avr/include/util/delay.h **** 
  33:/usr/lib/gcc/avr/4.7.2/../../../../avr/include/util/delay.h **** /* $Id: delay.h.in 2251 2011-09-14 08:20:33Z joerg_wunsch $ */
  34:/usr/lib/gcc/avr/4.7.2/../../../../avr/include/util/delay.h **** 
  35:/usr/lib/gcc/avr/4.7.2/../../../../avr/include/util/delay.h **** #ifndef _UTIL_DELAY_H_
  36:/usr/lib/gcc/avr/4.7.2/../../../../avr/include/util/delay.h **** #define _UTIL_DELAY_H_ 1
  37:/usr/lib/gcc/avr/4.7.2/../../../../avr/include/util/delay.h **** 
  38:/usr/lib/gcc/avr/4.7.2/../../../../avr/include/util/delay.h **** #ifndef __HAS_DELAY_CYCLES
  39:/usr/lib/gcc/avr/4.7.2/../../../../avr/include/util/delay.h **** #define __HAS_DELAY_CYCLES 1
  40:/usr/lib/gcc/avr/4.7.2/../../../../avr/include/util/delay.h **** #endif
  41:/usr/lib/gcc/avr/4.7.2/../../../../avr/include/util/delay.h **** 
  42:/usr/lib/gcc/avr/4.7.2/../../../../avr/include/util/delay.h **** #include <inttypes.h>
  43:/usr/lib/gcc/avr/4.7.2/../../../../avr/include/util/delay.h **** #include <util/delay_basic.h>
  44:/usr/lib/gcc/avr/4.7.2/../../../../avr/include/util/delay.h **** #include <math.h>
  45:/usr/lib/gcc/avr/4.7.2/../../../../avr/include/util/delay.h **** 
  46:/usr/lib/gcc/avr/4.7.2/../../../../avr/include/util/delay.h **** /** \file */
  47:/usr/lib/gcc/avr/4.7.2/../../../../avr/include/util/delay.h **** /** \defgroup util_delay <util/delay.h>: Convenience functions for busy-wait delay loops
  48:/usr/lib/gcc/avr/4.7.2/../../../../avr/include/util/delay.h ****     \code
  49:/usr/lib/gcc/avr/4.7.2/../../../../avr/include/util/delay.h ****     #define F_CPU 1000000UL  // 1 MHz
  50:/usr/lib/gcc/avr/4.7.2/../../../../avr/include/util/delay.h ****     //#define F_CPU 14.7456E6
  51:/usr/lib/gcc/avr/4.7.2/../../../../avr/include/util/delay.h ****     #include <util/delay.h>
  52:/usr/lib/gcc/avr/4.7.2/../../../../avr/include/util/delay.h ****     \endcode
  53:/usr/lib/gcc/avr/4.7.2/../../../../avr/include/util/delay.h **** 
  54:/usr/lib/gcc/avr/4.7.2/../../../../avr/include/util/delay.h ****     \note As an alternative method, it is possible to pass the
  55:/usr/lib/gcc/avr/4.7.2/../../../../avr/include/util/delay.h ****     F_CPU macro down to the compiler from the Makefile.
  56:/usr/lib/gcc/avr/4.7.2/../../../../avr/include/util/delay.h ****     Obviously, in that case, no \c \#define statement should be
  57:/usr/lib/gcc/avr/4.7.2/../../../../avr/include/util/delay.h ****     used.
  58:/usr/lib/gcc/avr/4.7.2/../../../../avr/include/util/delay.h **** 
  59:/usr/lib/gcc/avr/4.7.2/../../../../avr/include/util/delay.h ****     The functions in this header file are wrappers around the basic
  60:/usr/lib/gcc/avr/4.7.2/../../../../avr/include/util/delay.h ****     busy-wait functions from <util/delay_basic.h>.  They are meant as
  61:/usr/lib/gcc/avr/4.7.2/../../../../avr/include/util/delay.h ****     convenience functions where actual time values can be specified
  62:/usr/lib/gcc/avr/4.7.2/../../../../avr/include/util/delay.h ****     rather than a number of cycles to wait for.  The idea behind is
  63:/usr/lib/gcc/avr/4.7.2/../../../../avr/include/util/delay.h ****     that compile-time constant expressions will be eliminated by
  64:/usr/lib/gcc/avr/4.7.2/../../../../avr/include/util/delay.h ****     compiler optimization so floating-point expressions can be used
  65:/usr/lib/gcc/avr/4.7.2/../../../../avr/include/util/delay.h ****     to calculate the number of delay cycles needed based on the CPU
  66:/usr/lib/gcc/avr/4.7.2/../../../../avr/include/util/delay.h ****     frequency passed by the macro F_CPU.
  67:/usr/lib/gcc/avr/4.7.2/../../../../avr/include/util/delay.h **** 
  68:/usr/lib/gcc/avr/4.7.2/../../../../avr/include/util/delay.h ****     \note In order for these functions to work as intended, compiler
  69:/usr/lib/gcc/avr/4.7.2/../../../../avr/include/util/delay.h ****     optimizations <em>must</em> be enabled, and the delay time
  70:/usr/lib/gcc/avr/4.7.2/../../../../avr/include/util/delay.h ****     <em>must</em> be an expression that is a known constant at
  71:/usr/lib/gcc/avr/4.7.2/../../../../avr/include/util/delay.h ****     compile-time.  If these requirements are not met, the resulting
  72:/usr/lib/gcc/avr/4.7.2/../../../../avr/include/util/delay.h ****     delay will be much longer (and basically unpredictable), and
  73:/usr/lib/gcc/avr/4.7.2/../../../../avr/include/util/delay.h ****     applications that otherwise do not use floating-point calculations
  74:/usr/lib/gcc/avr/4.7.2/../../../../avr/include/util/delay.h ****     will experience severe code bloat by the floating-point library
  75:/usr/lib/gcc/avr/4.7.2/../../../../avr/include/util/delay.h ****     routines linked into the application.
  76:/usr/lib/gcc/avr/4.7.2/../../../../avr/include/util/delay.h **** 
  77:/usr/lib/gcc/avr/4.7.2/../../../../avr/include/util/delay.h ****     The functions available allow the specification of microsecond, and
  78:/usr/lib/gcc/avr/4.7.2/../../../../avr/include/util/delay.h ****     millisecond delays directly, using the application-supplied macro
  79:/usr/lib/gcc/avr/4.7.2/../../../../avr/include/util/delay.h ****     F_CPU as the CPU clock frequency (in Hertz).
  80:/usr/lib/gcc/avr/4.7.2/../../../../avr/include/util/delay.h **** 
  81:/usr/lib/gcc/avr/4.7.2/../../../../avr/include/util/delay.h **** */
  82:/usr/lib/gcc/avr/4.7.2/../../../../avr/include/util/delay.h **** 
  83:/usr/lib/gcc/avr/4.7.2/../../../../avr/include/util/delay.h **** #if !defined(__DOXYGEN__)
  84:/usr/lib/gcc/avr/4.7.2/../../../../avr/include/util/delay.h **** static inline void _delay_us(double __us) __attribute__((always_inline));
  85:/usr/lib/gcc/avr/4.7.2/../../../../avr/include/util/delay.h **** static inline void _delay_ms(double __ms) __attribute__((always_inline));
  86:/usr/lib/gcc/avr/4.7.2/../../../../avr/include/util/delay.h **** #endif
  87:/usr/lib/gcc/avr/4.7.2/../../../../avr/include/util/delay.h **** 
  88:/usr/lib/gcc/avr/4.7.2/../../../../avr/include/util/delay.h **** #ifndef F_CPU
  89:/usr/lib/gcc/avr/4.7.2/../../../../avr/include/util/delay.h **** /* prevent compiler error by supplying a default */
  90:/usr/lib/gcc/avr/4.7.2/../../../../avr/include/util/delay.h **** # warning "F_CPU not defined for <util/delay.h>"
  91:/usr/lib/gcc/avr/4.7.2/../../../../avr/include/util/delay.h **** # define F_CPU 1000000UL
  92:/usr/lib/gcc/avr/4.7.2/../../../../avr/include/util/delay.h **** #endif
  93:/usr/lib/gcc/avr/4.7.2/../../../../avr/include/util/delay.h **** 
  94:/usr/lib/gcc/avr/4.7.2/../../../../avr/include/util/delay.h **** #ifndef __OPTIMIZE__
  95:/usr/lib/gcc/avr/4.7.2/../../../../avr/include/util/delay.h **** # warning "Compiler optimizations disabled; functions from <util/delay.h> won't work as designed"
  96:/usr/lib/gcc/avr/4.7.2/../../../../avr/include/util/delay.h **** #endif
  97:/usr/lib/gcc/avr/4.7.2/../../../../avr/include/util/delay.h **** 
  98:/usr/lib/gcc/avr/4.7.2/../../../../avr/include/util/delay.h **** #if __HAS_DELAY_CYCLES && defined(__OPTIMIZE__) && \
  99:/usr/lib/gcc/avr/4.7.2/../../../../avr/include/util/delay.h ****   !defined(__DELAY_BACKWARD_COMPATIBLE__) &&	   \
 100:/usr/lib/gcc/avr/4.7.2/../../../../avr/include/util/delay.h ****   __STDC_HOSTED__
 101:/usr/lib/gcc/avr/4.7.2/../../../../avr/include/util/delay.h **** #  include <math.h>
 102:/usr/lib/gcc/avr/4.7.2/../../../../avr/include/util/delay.h **** #endif
 103:/usr/lib/gcc/avr/4.7.2/../../../../avr/include/util/delay.h **** 
 104:/usr/lib/gcc/avr/4.7.2/../../../../avr/include/util/delay.h **** /**
 105:/usr/lib/gcc/avr/4.7.2/../../../../avr/include/util/delay.h ****    \ingroup util_delay
 106:/usr/lib/gcc/avr/4.7.2/../../../../avr/include/util/delay.h **** 
 107:/usr/lib/gcc/avr/4.7.2/../../../../avr/include/util/delay.h ****    Perform a delay of \c __ms milliseconds, using _delay_loop_2().
 108:/usr/lib/gcc/avr/4.7.2/../../../../avr/include/util/delay.h **** 
 109:/usr/lib/gcc/avr/4.7.2/../../../../avr/include/util/delay.h ****    The macro F_CPU is supposed to be defined to a
 110:/usr/lib/gcc/avr/4.7.2/../../../../avr/include/util/delay.h ****    constant defining the CPU clock frequency (in Hertz).
 111:/usr/lib/gcc/avr/4.7.2/../../../../avr/include/util/delay.h **** 
 112:/usr/lib/gcc/avr/4.7.2/../../../../avr/include/util/delay.h ****    The maximal possible delay is 262.14 ms / F_CPU in MHz.
 113:/usr/lib/gcc/avr/4.7.2/../../../../avr/include/util/delay.h **** 
 114:/usr/lib/gcc/avr/4.7.2/../../../../avr/include/util/delay.h ****    When the user request delay which exceed the maximum possible one,
 115:/usr/lib/gcc/avr/4.7.2/../../../../avr/include/util/delay.h ****    _delay_ms() provides a decreased resolution functionality. In this
 116:/usr/lib/gcc/avr/4.7.2/../../../../avr/include/util/delay.h ****    mode _delay_ms() will work with a resolution of 1/10 ms, providing
 117:/usr/lib/gcc/avr/4.7.2/../../../../avr/include/util/delay.h ****    delays up to 6.5535 seconds (independent from CPU frequency).  The
 118:/usr/lib/gcc/avr/4.7.2/../../../../avr/include/util/delay.h ****    user will not be informed about decreased resolution.
 119:/usr/lib/gcc/avr/4.7.2/../../../../avr/include/util/delay.h **** 
 120:/usr/lib/gcc/avr/4.7.2/../../../../avr/include/util/delay.h ****    If the avr-gcc toolchain has __builtin_avr_delay_cycles(unsigned long)
 121:/usr/lib/gcc/avr/4.7.2/../../../../avr/include/util/delay.h ****    support, maximal possible delay is 4294967.295 ms/ F_CPU in MHz. For
 122:/usr/lib/gcc/avr/4.7.2/../../../../avr/include/util/delay.h ****    values greater than the maximal possible delay, overflows results in
 123:/usr/lib/gcc/avr/4.7.2/../../../../avr/include/util/delay.h ****    no delay i.e., 0ms.
 124:/usr/lib/gcc/avr/4.7.2/../../../../avr/include/util/delay.h **** 
 125:/usr/lib/gcc/avr/4.7.2/../../../../avr/include/util/delay.h ****    Conversion of __us into clock cycles may not always result in integer.
 126:/usr/lib/gcc/avr/4.7.2/../../../../avr/include/util/delay.h ****    By default, the clock cycles rounded up to next integer. This ensures that
 127:/usr/lib/gcc/avr/4.7.2/../../../../avr/include/util/delay.h ****    the user gets atleast __us microseconds of delay.
 128:/usr/lib/gcc/avr/4.7.2/../../../../avr/include/util/delay.h **** 
 129:/usr/lib/gcc/avr/4.7.2/../../../../avr/include/util/delay.h ****    Alternatively, user can define __DELAY_ROUND_DOWN__ and __DELAY_ROUND_CLOSEST__
 130:/usr/lib/gcc/avr/4.7.2/../../../../avr/include/util/delay.h ****    to round down and round to closest integer.
 131:/usr/lib/gcc/avr/4.7.2/../../../../avr/include/util/delay.h **** 
 132:/usr/lib/gcc/avr/4.7.2/../../../../avr/include/util/delay.h ****    Note: The new implementation of _delay_ms(double __ms) with 
 133:/usr/lib/gcc/avr/4.7.2/../../../../avr/include/util/delay.h ****     __builtin_avr_delay_cycles(unsigned long) support is not backward compatible. 
 134:/usr/lib/gcc/avr/4.7.2/../../../../avr/include/util/delay.h ****    User can define __DELAY_BACKWARD_COMPATIBLE__ to get a backward compatible delay.
 135:/usr/lib/gcc/avr/4.7.2/../../../../avr/include/util/delay.h ****    Also, the backward compatible
 136:/usr/lib/gcc/avr/4.7.2/../../../../avr/include/util/delay.h ****    algorithm will be chosen if the code is compiled in a <em>freestanding
 137:/usr/lib/gcc/avr/4.7.2/../../../../avr/include/util/delay.h ****    environment</em> (GCC option \c -ffreestanding), as the math functions
 138:/usr/lib/gcc/avr/4.7.2/../../../../avr/include/util/delay.h ****    required for rounding are not available to the compiler then.
 139:/usr/lib/gcc/avr/4.7.2/../../../../avr/include/util/delay.h **** 
 140:/usr/lib/gcc/avr/4.7.2/../../../../avr/include/util/delay.h ****  */
 141:/usr/lib/gcc/avr/4.7.2/../../../../avr/include/util/delay.h **** void
 142:/usr/lib/gcc/avr/4.7.2/../../../../avr/include/util/delay.h **** _delay_ms(double __ms)
 143:/usr/lib/gcc/avr/4.7.2/../../../../avr/include/util/delay.h **** {
 144:/usr/lib/gcc/avr/4.7.2/../../../../avr/include/util/delay.h **** 	uint16_t __ticks;
 145:/usr/lib/gcc/avr/4.7.2/../../../../avr/include/util/delay.h **** 	double __tmp ; 
 146:/usr/lib/gcc/avr/4.7.2/../../../../avr/include/util/delay.h **** #if __HAS_DELAY_CYCLES && defined(__OPTIMIZE__) && \
 147:/usr/lib/gcc/avr/4.7.2/../../../../avr/include/util/delay.h ****   !defined(__DELAY_BACKWARD_COMPATIBLE__) &&	   \
 148:/usr/lib/gcc/avr/4.7.2/../../../../avr/include/util/delay.h ****   __STDC_HOSTED__
 149:/usr/lib/gcc/avr/4.7.2/../../../../avr/include/util/delay.h **** 	uint32_t __ticks_dc;
 150:/usr/lib/gcc/avr/4.7.2/../../../../avr/include/util/delay.h **** 	extern void __builtin_avr_delay_cycles(unsigned long);
 151:/usr/lib/gcc/avr/4.7.2/../../../../avr/include/util/delay.h **** 	__tmp = ((F_CPU) / 1e3) * __ms;
 152:/usr/lib/gcc/avr/4.7.2/../../../../avr/include/util/delay.h **** 
 153:/usr/lib/gcc/avr/4.7.2/../../../../avr/include/util/delay.h **** 	#if defined(__DELAY_ROUND_DOWN__)
 154:/usr/lib/gcc/avr/4.7.2/../../../../avr/include/util/delay.h **** 		__ticks_dc = (uint32_t)fabs(__tmp);
 155:/usr/lib/gcc/avr/4.7.2/../../../../avr/include/util/delay.h **** 
 156:/usr/lib/gcc/avr/4.7.2/../../../../avr/include/util/delay.h **** 	#elif defined(__DELAY_ROUND_CLOSEST__)
 157:/usr/lib/gcc/avr/4.7.2/../../../../avr/include/util/delay.h **** 		__ticks_dc = (uint32_t)(fabs(__tmp)+0.5);
 158:/usr/lib/gcc/avr/4.7.2/../../../../avr/include/util/delay.h **** 
 159:/usr/lib/gcc/avr/4.7.2/../../../../avr/include/util/delay.h **** 	#else
 160:/usr/lib/gcc/avr/4.7.2/../../../../avr/include/util/delay.h **** 		//round up by default
 161:/usr/lib/gcc/avr/4.7.2/../../../../avr/include/util/delay.h **** 		__ticks_dc = (uint32_t)(ceil(fabs(__tmp)));
 162:/usr/lib/gcc/avr/4.7.2/../../../../avr/include/util/delay.h **** 	#endif
 163:/usr/lib/gcc/avr/4.7.2/../../../../avr/include/util/delay.h **** 
 164:/usr/lib/gcc/avr/4.7.2/../../../../avr/include/util/delay.h **** 	__builtin_avr_delay_cycles(__ticks_dc);
 165:/usr/lib/gcc/avr/4.7.2/../../../../avr/include/util/delay.h **** 
 166:/usr/lib/gcc/avr/4.7.2/../../../../avr/include/util/delay.h **** #else
 167:/usr/lib/gcc/avr/4.7.2/../../../../avr/include/util/delay.h **** 	__tmp = ((F_CPU) / 4e3) * __ms;
 168:/usr/lib/gcc/avr/4.7.2/../../../../avr/include/util/delay.h **** 	if (__tmp < 1.0)
 169:/usr/lib/gcc/avr/4.7.2/../../../../avr/include/util/delay.h **** 		__ticks = 1;
 170:/usr/lib/gcc/avr/4.7.2/../../../../avr/include/util/delay.h **** 	else if (__tmp > 65535)
 171:/usr/lib/gcc/avr/4.7.2/../../../../avr/include/util/delay.h **** 	{
 172:/usr/lib/gcc/avr/4.7.2/../../../../avr/include/util/delay.h **** 		//	__ticks = requested delay in 1/10 ms
 173:/usr/lib/gcc/avr/4.7.2/../../../../avr/include/util/delay.h **** 		__ticks = (uint16_t) (__ms * 10.0);
 174:/usr/lib/gcc/avr/4.7.2/../../../../avr/include/util/delay.h **** 		while(__ticks)
 175:/usr/lib/gcc/avr/4.7.2/../../../../avr/include/util/delay.h **** 		{
 176:/usr/lib/gcc/avr/4.7.2/../../../../avr/include/util/delay.h **** 			// wait 1/10 ms
 177:/usr/lib/gcc/avr/4.7.2/../../../../avr/include/util/delay.h **** 			_delay_loop_2(((F_CPU) / 4e3) / 10);
 178:/usr/lib/gcc/avr/4.7.2/../../../../avr/include/util/delay.h **** 			__ticks --;
 179:/usr/lib/gcc/avr/4.7.2/../../../../avr/include/util/delay.h **** 		}
 180:/usr/lib/gcc/avr/4.7.2/../../../../avr/include/util/delay.h **** 		return;
 181:/usr/lib/gcc/avr/4.7.2/../../../../avr/include/util/delay.h **** 	}
 182:/usr/lib/gcc/avr/4.7.2/../../../../avr/include/util/delay.h **** 	else
 183:/usr/lib/gcc/avr/4.7.2/../../../../avr/include/util/delay.h **** 		__ticks = (uint16_t)__tmp;
 184:/usr/lib/gcc/avr/4.7.2/../../../../avr/include/util/delay.h **** 	_delay_loop_2(__ticks);
 185:/usr/lib/gcc/avr/4.7.2/../../../../avr/include/util/delay.h **** #endif
 186:/usr/lib/gcc/avr/4.7.2/../../../../avr/include/util/delay.h **** }
 187:/usr/lib/gcc/avr/4.7.2/../../../../avr/include/util/delay.h **** 
 188:/usr/lib/gcc/avr/4.7.2/../../../../avr/include/util/delay.h **** /**
 189:/usr/lib/gcc/avr/4.7.2/../../../../avr/include/util/delay.h ****    \ingroup util_delay
 190:/usr/lib/gcc/avr/4.7.2/../../../../avr/include/util/delay.h **** 
 191:/usr/lib/gcc/avr/4.7.2/../../../../avr/include/util/delay.h ****    Perform a delay of \c __us microseconds, using _delay_loop_1().
 192:/usr/lib/gcc/avr/4.7.2/../../../../avr/include/util/delay.h **** 
 193:/usr/lib/gcc/avr/4.7.2/../../../../avr/include/util/delay.h ****    The macro F_CPU is supposed to be defined to a
 194:/usr/lib/gcc/avr/4.7.2/../../../../avr/include/util/delay.h ****    constant defining the CPU clock frequency (in Hertz).
 195:/usr/lib/gcc/avr/4.7.2/../../../../avr/include/util/delay.h **** 
 196:/usr/lib/gcc/avr/4.7.2/../../../../avr/include/util/delay.h ****    The maximal possible delay is 768 us / F_CPU in MHz.
 197:/usr/lib/gcc/avr/4.7.2/../../../../avr/include/util/delay.h **** 
 198:/usr/lib/gcc/avr/4.7.2/../../../../avr/include/util/delay.h ****    If the user requests a delay greater than the maximal possible one,
 199:/usr/lib/gcc/avr/4.7.2/../../../../avr/include/util/delay.h ****    _delay_us() will automatically call _delay_ms() instead.  The user
 200:/usr/lib/gcc/avr/4.7.2/../../../../avr/include/util/delay.h ****    will not be informed about this case.
 201:/usr/lib/gcc/avr/4.7.2/../../../../avr/include/util/delay.h **** 
 202:/usr/lib/gcc/avr/4.7.2/../../../../avr/include/util/delay.h ****    If the avr-gcc toolchain has __builtin_avr_delay_cycles(unsigned long)
 203:/usr/lib/gcc/avr/4.7.2/../../../../avr/include/util/delay.h ****    support, maximal possible delay is 4294967.295 us/ F_CPU in MHz. For
 204:/usr/lib/gcc/avr/4.7.2/../../../../avr/include/util/delay.h ****    values greater than the maximal possible delay, overflow results in
 205:/usr/lib/gcc/avr/4.7.2/../../../../avr/include/util/delay.h ****    no delay i.e., 0us.
 206:/usr/lib/gcc/avr/4.7.2/../../../../avr/include/util/delay.h ****   
 207:/usr/lib/gcc/avr/4.7.2/../../../../avr/include/util/delay.h ****    Conversion of __us into clock cycles may not always result in integer.
 208:/usr/lib/gcc/avr/4.7.2/../../../../avr/include/util/delay.h ****    By default, the clock cycles rounded up to next integer. This ensures that
 209:/usr/lib/gcc/avr/4.7.2/../../../../avr/include/util/delay.h ****    the user gets atleast __us microseconds of delay.
 210:/usr/lib/gcc/avr/4.7.2/../../../../avr/include/util/delay.h **** 
 211:/usr/lib/gcc/avr/4.7.2/../../../../avr/include/util/delay.h ****    Alternatively, user can define __DELAY_ROUND_DOWN__ and __DELAY_ROUND_CLOSEST__
 212:/usr/lib/gcc/avr/4.7.2/../../../../avr/include/util/delay.h ****    to round down and round to closest integer.
 213:/usr/lib/gcc/avr/4.7.2/../../../../avr/include/util/delay.h ****  
 214:/usr/lib/gcc/avr/4.7.2/../../../../avr/include/util/delay.h ****    Note: The new implementation of _delay_us(double __us) with 
 215:/usr/lib/gcc/avr/4.7.2/../../../../avr/include/util/delay.h ****     __builtin_avr_delay_cycles(unsigned long) support is not backward compatible.
 216:/usr/lib/gcc/avr/4.7.2/../../../../avr/include/util/delay.h ****    User can define __DELAY_BACKWARD_COMPATIBLE__ to get a backward compatible delay.
 217:/usr/lib/gcc/avr/4.7.2/../../../../avr/include/util/delay.h ****    Also, the backward compatible
 218:/usr/lib/gcc/avr/4.7.2/../../../../avr/include/util/delay.h ****    algorithm will be chosen if the code is compiled in a <em>freestanding
 219:/usr/lib/gcc/avr/4.7.2/../../../../avr/include/util/delay.h ****    environment</em> (GCC option \c -ffreestanding), as the math functions
 220:/usr/lib/gcc/avr/4.7.2/../../../../avr/include/util/delay.h ****    required for rounding are not available to the compiler then.
 221:/usr/lib/gcc/avr/4.7.2/../../../../avr/include/util/delay.h **** 
 222:/usr/lib/gcc/avr/4.7.2/../../../../avr/include/util/delay.h ****  */
 223:/usr/lib/gcc/avr/4.7.2/../../../../avr/include/util/delay.h **** void
 224:/usr/lib/gcc/avr/4.7.2/../../../../avr/include/util/delay.h **** _delay_us(double __us)
 225:/usr/lib/gcc/avr/4.7.2/../../../../avr/include/util/delay.h **** {
 226:/usr/lib/gcc/avr/4.7.2/../../../../avr/include/util/delay.h **** 	uint8_t __ticks;
 227:/usr/lib/gcc/avr/4.7.2/../../../../avr/include/util/delay.h **** 	double __tmp ; 
 228:/usr/lib/gcc/avr/4.7.2/../../../../avr/include/util/delay.h **** #if __HAS_DELAY_CYCLES && defined(__OPTIMIZE__) && \
 229:/usr/lib/gcc/avr/4.7.2/../../../../avr/include/util/delay.h ****   !defined(__DELAY_BACKWARD_COMPATIBLE__) &&	   \
 230:/usr/lib/gcc/avr/4.7.2/../../../../avr/include/util/delay.h ****   __STDC_HOSTED__
 231:/usr/lib/gcc/avr/4.7.2/../../../../avr/include/util/delay.h **** 	uint32_t __ticks_dc;
 232:/usr/lib/gcc/avr/4.7.2/../../../../avr/include/util/delay.h **** 	extern void __builtin_avr_delay_cycles(unsigned long);
 233:/usr/lib/gcc/avr/4.7.2/../../../../avr/include/util/delay.h **** 	__tmp = ((F_CPU) / 1e6) * __us;
 234:/usr/lib/gcc/avr/4.7.2/../../../../avr/include/util/delay.h **** 
 235:/usr/lib/gcc/avr/4.7.2/../../../../avr/include/util/delay.h **** 	#if defined(__DELAY_ROUND_DOWN__)
 236:/usr/lib/gcc/avr/4.7.2/../../../../avr/include/util/delay.h **** 		__ticks_dc = (uint32_t)fabs(__tmp);
 237:/usr/lib/gcc/avr/4.7.2/../../../../avr/include/util/delay.h **** 
 238:/usr/lib/gcc/avr/4.7.2/../../../../avr/include/util/delay.h **** 	#elif defined(__DELAY_ROUND_CLOSEST__)
 239:/usr/lib/gcc/avr/4.7.2/../../../../avr/include/util/delay.h **** 		__ticks_dc = (uint32_t)(fabs(__tmp)+0.5);
 240:/usr/lib/gcc/avr/4.7.2/../../../../avr/include/util/delay.h **** 
 241:/usr/lib/gcc/avr/4.7.2/../../../../avr/include/util/delay.h **** 	#else
 242:/usr/lib/gcc/avr/4.7.2/../../../../avr/include/util/delay.h **** 		//round up by default
 243:/usr/lib/gcc/avr/4.7.2/../../../../avr/include/util/delay.h **** 		__ticks_dc = (uint32_t)(ceil(fabs(__tmp)));
 244:/usr/lib/gcc/avr/4.7.2/../../../../avr/include/util/delay.h **** 	#endif
 245:/usr/lib/gcc/avr/4.7.2/../../../../avr/include/util/delay.h **** 
 246:/usr/lib/gcc/avr/4.7.2/../../../../avr/include/util/delay.h **** 	__builtin_avr_delay_cycles(__ticks_dc);
  30               		.loc 2 246 0
  31 0002 25E0      		ldi r18,lo8(5)
  32 0004 2A95      		1: dec r18
  33 0006 01F4      		brne 1b
  34 0008 0000      		nop
  35               	.LBE7:
  36               	.LBE6:
   6:util.c        **** 	{
   7:util.c        **** 		_delay_us(1);
   8:util.c        **** 		delah--;
  37               		.loc 1 8 0
  38 000a 0197      		sbiw r24,1
  39               	.LVL2:
  40               	.L2:
   5:util.c        **** 	while(delah)
  41               		.loc 1 5 0 discriminator 1
  42 000c 0097      		sbiw r24,0
  43 000e 01F4      		brne .L3
  44               	/* epilogue start */
   9:util.c        **** 	}
  10:util.c        **** }
  45               		.loc 1 10 0
  46 0010 0895      		ret
  47               		.cfi_endproc
  48               	.LFE6:
  50               		.section	.text.delay_ms,"ax",@progbits
  51               	.global	delay_ms
  53               	delay_ms:
  54               	.LFB7:
  11:util.c        **** 
  12:util.c        **** void delay_ms(uint16_t delah)
  13:util.c        **** {
  55               		.loc 1 13 0
  56               		.cfi_startproc
  57               	.LVL3:
  58               	/* prologue: function */
  59               	/* frame size = 0 */
  60               	/* stack size = 0 */
  61               	.L__stack_usage = 0
  14:util.c        **** 	while(delah)
  62               		.loc 1 14 0
  63 0000 00C0      		rjmp .L5
  64               	.L6:
  65               	.LVL4:
  66               	.LBB8:
  67               	.LBB9:
 164:/usr/lib/gcc/avr/4.7.2/../../../../avr/include/util/delay.h **** 	__builtin_avr_delay_cycles(__ticks_dc);
  68               		.loc 2 164 0
  69 0002 EFE9      		ldi r30,lo8(3999)
  70 0004 FFE0      		ldi r31,hi8(3999)
  71 0006 3197      		1: sbiw r30,1
  72 0008 01F4      		brne 1b
  73 000a 00C0      		rjmp .
  74 000c 0000      		nop
  75               	.LBE9:
  76               	.LBE8:
  15:util.c        **** 	{
  16:util.c        **** 		_delay_ms(1);
  17:util.c        **** 		delah--;
  77               		.loc 1 17 0
  78 000e 0197      		sbiw r24,1
  79               	.LVL5:
  80               	.L5:
  14:util.c        **** 	while(delah)
  81               		.loc 1 14 0 discriminator 1
  82 0010 0097      		sbiw r24,0
  83 0012 01F4      		brne .L6
  84               	/* epilogue start */
  18:util.c        **** 	}
  19:util.c        **** }
  85               		.loc 1 19 0
  86 0014 0895      		ret
  87               		.cfi_endproc
  88               	.LFE7:
  90               		.text
  91               	.Letext0:
  92               		.file 3 "/usr/lib/gcc/avr/4.7.2/../../../../avr/include/stdint.h"
DEFINED SYMBOLS
                            *ABS*:0000000000000000 util.c
     /tmp/ccl2awX0.s:2      *ABS*:000000000000003e __SP_H__
     /tmp/ccl2awX0.s:3      *ABS*:000000000000003d __SP_L__
     /tmp/ccl2awX0.s:4      *ABS*:000000000000003f __SREG__
     /tmp/ccl2awX0.s:5      *ABS*:0000000000000000 __tmp_reg__
     /tmp/ccl2awX0.s:6      *ABS*:0000000000000001 __zero_reg__
     /tmp/ccl2awX0.s:13     .text.delay_us:0000000000000000 delay_us
     /tmp/ccl2awX0.s:53     .text.delay_ms:0000000000000000 delay_ms

NO UNDEFINED SYMBOLS
