   1               		.file	"analog.c"
   2               	__SREG__ = 0x3f
   3               	__SP_H__ = 0x3e
   4               	__SP_L__ = 0x3d
   5               	__CCP__  = 0x34
   6               	__tmp_reg__ = 0
   7               	__zero_reg__ = 1
  15               	.Ltext0:
  16               	.global	adcOn
  18               	adcOn:
  19               	.LFB4:
  20               	.LM1:
  21               	/* prologue: function */
  22               	/* frame size = 0 */
  23               	.LM2:
  24 0000 87EC      		ldi r24,lo8(-57)
  25 0002 87B9      		out 39-32,r24
  26               	.LM3:
  27 0004 8BE8      		ldi r24,lo8(-117)
  28 0006 86B9      		out 38-32,r24
  29               	/* epilogue start */
  30               	.LM4:
  31 0008 0895      		ret
  32               	.LFE4:
  34               	.global	adcOff
  36               	adcOff:
  37               	.LFB5:
  38               	.LM5:
  39               	/* prologue: function */
  40               	/* frame size = 0 */
  41               	.LM6:
  42 000a 86B1      		in r24,38-32
  43 000c 8777      		andi r24,lo8(119)
  44 000e 86B9      		out 38-32,r24
  45               	/* epilogue start */
  46               	.LM7:
  47 0010 0895      		ret
  48               	.LFE5:
  50               	.global	analog2v
  52               	analog2v:
  53               	.LFB6:
  54               	.LM8:
  55               	.LVL0:
  56               	/* prologue: function */
  57               	/* frame size = 0 */
  58               	.LM9:
  59 0012 A0E0      		ldi r26,lo8(0)
  60 0014 B0E0      		ldi r27,hi8(0)
  61               	.LVL1:
  62 0016 BC01      		movw r22,r24
  63 0018 CD01      		movw r24,r26
  64 001a 0E94 0000 		call __floatunsisf
  65               	.LVL2:
  66 001e 2BE7      		ldi r18,lo8(0x3e2e147b)
  67 0020 34E1      		ldi r19,hi8(0x3e2e147b)
  68 0022 4EE2      		ldi r20,hlo8(0x3e2e147b)
  69 0024 5EE3      		ldi r21,hhi8(0x3e2e147b)
  70 0026 0E94 0000 		call __mulsf3
  71 002a 2EEA      		ldi r18,lo8(0x40a947ae)
  72 002c 37E4      		ldi r19,hi8(0x40a947ae)
  73 002e 49EA      		ldi r20,hlo8(0x40a947ae)
  74 0030 50E4      		ldi r21,hhi8(0x40a947ae)
  75 0032 0E94 0000 		call __subsf3
  76 0036 0E94 0000 		call __fixunssfsi
  77 003a DC01      		movw r26,r24
  78 003c CB01      		movw r24,r22
  79               	/* epilogue start */
  80               	.LM10:
  81 003e 0895      		ret
  82               	.LFE6:
  84               	.global	startConvert
  86               	startConvert:
  87               	.LFB7:
  88               	.LM11:
  89               	/* prologue: function */
  90               	/* frame size = 0 */
  91               	.LM12:
  92 0040 369A      		sbi 38-32,6
  93               	/* epilogue start */
  94               	.LM13:
  95 0042 0895      		ret
  96               	.LFE7:
 146               	.Letext0:
DEFINED SYMBOLS
                            *ABS*:00000000 analog.c
C:\Users\Sean\AppData\Local\Temp/ccfY2pWu.s:2      *ABS*:0000003f __SREG__
C:\Users\Sean\AppData\Local\Temp/ccfY2pWu.s:3      *ABS*:0000003e __SP_H__
C:\Users\Sean\AppData\Local\Temp/ccfY2pWu.s:4      *ABS*:0000003d __SP_L__
C:\Users\Sean\AppData\Local\Temp/ccfY2pWu.s:5      *ABS*:00000034 __CCP__
C:\Users\Sean\AppData\Local\Temp/ccfY2pWu.s:6      *ABS*:00000000 __tmp_reg__
C:\Users\Sean\AppData\Local\Temp/ccfY2pWu.s:7      *ABS*:00000001 __zero_reg__
C:\Users\Sean\AppData\Local\Temp/ccfY2pWu.s:18     .text:00000000 adcOn
C:\Users\Sean\AppData\Local\Temp/ccfY2pWu.s:36     .text:0000000a adcOff
C:\Users\Sean\AppData\Local\Temp/ccfY2pWu.s:52     .text:00000012 analog2v
C:\Users\Sean\AppData\Local\Temp/ccfY2pWu.s:86     .text:00000040 startConvert

UNDEFINED SYMBOLS
__floatunsisf
__mulsf3
__subsf3
__fixunssfsi
