   1               		.file	"util.c"
   2               	__SREG__ = 0x3f
   3               	__SP_H__ = 0x3e
   4               	__SP_L__ = 0x3d
   5               	__tmp_reg__ = 0
   6               	__zero_reg__ = 1
   7               		.global __do_copy_data
   8               		.global __do_clear_bss
  16               	.Ltext0:
  17               	.global	delay_ms
  19               	delay_ms:
  20               	.LFB2:
  21               	.LM1:
  22               	/* prologue: frame size=0 */
  23               	/* prologue end (size=0) */
  24               	.LVL0:
  25               	.LM2:
  26 0000 2AEF      		ldi r18,lo8(250)
  27 0002 30E0      		ldi r19,hi8(250)
  28               	/* #APP */
  29               		
  30               	L_dl18:
  31 0004 E22F      		mov r30, r18
  32 0006 F32F      		mov r31, r19
  33               	L_dl28:
  34 0008 3197      		sbiw r30, 1
  35 000a 01F4      		brne L_dl28
  36 000c A895      		wdr
  37 000e 8A95      		dec r24
  38 0010 01F4      		brne L_dl18
  39               		
  40               	/* #NOAPP */
  41               	/* epilogue: frame size=0 */
  42 0012 0895      		ret
  43               	/* epilogue end (size=1) */
  44               	/* function delay_ms size 25 (24) */
  45               	.LFE2:
  71               	.Letext0:
DEFINED SYMBOLS
                            *ABS*:00000000 util.c
C:\DOCUME~1\SEAN~1.GRE\LOCALS~1\Temp/ccUKy0Ry.s:2      *ABS*:0000003f __SREG__
C:\DOCUME~1\SEAN~1.GRE\LOCALS~1\Temp/ccUKy0Ry.s:3      *ABS*:0000003e __SP_H__
C:\DOCUME~1\SEAN~1.GRE\LOCALS~1\Temp/ccUKy0Ry.s:4      *ABS*:0000003d __SP_L__
C:\DOCUME~1\SEAN~1.GRE\LOCALS~1\Temp/ccUKy0Ry.s:5      *ABS*:00000000 __tmp_reg__
C:\DOCUME~1\SEAN~1.GRE\LOCALS~1\Temp/ccUKy0Ry.s:6      *ABS*:00000001 __zero_reg__
C:\DOCUME~1\SEAN~1.GRE\LOCALS~1\Temp/ccUKy0Ry.s:19     .text:00000000 delay_ms
C:\DOCUME~1\SEAN~1.GRE\LOCALS~1\Temp/ccUKy0Ry.s:30     .text:00000004 L_dl18
C:\DOCUME~1\SEAN~1.GRE\LOCALS~1\Temp/ccUKy0Ry.s:33     .text:00000008 L_dl28

UNDEFINED SYMBOLS
__do_copy_data
__do_clear_bss
